<?xml version="1.0" encoding="UTF-8"?>
<testng-results ignored="0" total="1" passed="1" failed="0" skipped="0">
  <reporter-output>
  </reporter-output>
  <suite started-at="2021-06-17T20:17:41 IST" name="Default suite" finished-at="2021-06-17T20:18:03 IST" duration-ms="21901">
    <groups>
    </groups>
    <test started-at="2021-06-17T20:17:41 IST" name="Default test" finished-at="2021-06-17T20:18:03 IST" duration-ms="21901">
      <class name="selenium.AlertHandle">
        <test-method signature="alertWindow()[pri:0, instance:selenium.AlertHandle@3738449f]" started-at="2021-06-17T20:17:41 IST" name="alertWindow" finished-at="2021-06-17T20:18:03 IST" duration-ms="21860" status="PASS">
          <reporter-output>
          </reporter-output>
        </test-method> <!-- alertWindow -->
      </class> <!-- selenium.AlertHandle -->
    </test> <!-- Default test -->
  </suite> <!-- Default suite -->
</testng-results>
